INFO  2023-07-02 18:24:26,028 minitest.py _miniSetUp      341 =========Current case: test_get_wares_info=========
INFO  2023-07-02 18:24:26,028 minitest.py _miniSetUp      344 package info: C:.Users.yang.Desktop.test.wx_auto.wx_auto_test.homepage_test, case info: HomePageTest.test_get_wares_info
INFO  2023-07-02 18:24:26,029 basenative.py wrapper         25  call BaseNative.check_connection
INFO  2023-07-02 18:24:26,030 basenative.py wrapper         29  call BaseNative.check_connection end
INFO  2023-07-02 18:24:26,031 minitest.py capture         673 capture setup.png
INFO  2023-07-02 18:24:26,031 basenative.py wrapper         25  call IdeNative.screen_shot
DEBUG 2023-07-02 18:24:26,032 connection.py _safely_send    417 SEND > {"id":"1f98e64c-c5cb-4fb3-b25a-bfeb5ac4f07d","method":"App.captureScreenshot","params":{}}
DEBUG 2023-07-02 18:24:26,233 connection.py _on_message     650 RECV < {"id":"1f98e64c-c5cb-4fb3-b25a-bfeb5ac4f07d","result":{"data":"iVBORw0KGgoAAAANSUhEUgAAAZAAAAI6CAIAAACGsomOAAAAAXNSR0IArs4c6QAAIABJREFUeJzsvVmQXcdxKJhZ59zbt/duNJYGSIgEwEXWQlL0zDPJkd+zLem9cMS8sEWGNCI5o5kXfjM/8pflP1LySKL+HP56/nGEY2IcIUoWg5DCjhl5RrIsjWgCTwslUxIlcQNAbI21gUbvfU/lfJxaMms5994GSArmTQbR555TlZWZlZmVVZV1DhIRDGEIQxjCzQDq7SZgCEMYwhD6haHDGsIQhnDTwNBhDWEIQ7hpYOiwhjCEIdw0MHRYQxjCEG4aGDqsIQxhCDcNDB3WEIYwhJsGhg5rCEMYwk0DQ4c1hCEM4aaBocMawhCGcNPA0GENYQhDuGlg6LCGMIQh3DQwdFhDGMIQbhoYOqwhDGEINw0MHdYQhjCEmwaGDm...
INFO  2023-07-02 18:24:26,235 basenative.py wrapper         29  call IdeNative.screen_shot end
INFO  2023-07-02 18:24:26,236 minitest.py _miniSetUp      394 =========case: test_get_wares_info start=========
DEBUG 2023-07-02 18:24:26,237 connection.py _safely_send    417 SEND > {"id":"07639eca-2338-4e42-863b-9e9cd96ae914","method":"Page.getElementByXpath","params":{"selector":"/view/view[2]/view[2]/view[1]/view[2]/view[1]","pageId":1}}
DEBUG 2023-07-02 18:24:26,246 connection.py _on_message     652 RECV < {"id":"07639eca-2338-4e42-863b-9e9cd96ae914","result":{"elementId":"c368ae08-231c-4219-af67-6106569d6188","tagName":"view"}}
DEBUG 2023-07-02 18:24:26,247 connection.py _safely_send    417 SEND > {"id":"9471b069-cf61-49b5-9c1e-f59cd51eb657","method":"Element.getDOMProperties","params":{"names":["innerText"],"elementId":"c368ae08-231c-4219-af67-6106569d6188","pageId":1}}
DEBUG 2023-07-02 18:24:26,252 connection.py _on_message     652 RECV < {"id":"9471b069-cf61-49b5-9c1e-f59cd51eb657","result":{"properties":["商品1"]}}
DEBUG 2023-07-02 18:24:26,253 connection.py _safely_send    417 SEND > {"id":"b62f066d-a1c0-452b-9fac-0aa9336c845d","method":"Page.getElementByXpath","params":{"selector":"/view/view[2]/view[3]/view[1]/view[2]/view[1]","pageId":1}}
DEBUG 2023-07-02 18:24:26,260 connection.py _on_message     652 RECV < {"id":"b62f066d-a1c0-452b-9fac-0aa9336c845d","result":{"elementId":"36a4993f-a3d5-47f3-b53c-15219bbcb3e6","tagName":"view"}}
DEBUG 2023-07-02 18:24:26,261 connection.py _safely_send    417 SEND > {"id":"f81d6b10-e8dd-48f7-b2c9-1951de3d7868","method":"Element.getDOMProperties","params":{"names":["innerText"],"elementId":"36a4993f-a3d5-47f3-b53c-15219bbcb3e6","pageId":1}}
DEBUG 2023-07-02 18:24:26,264 connection.py _on_message     652 RECV < {"id":"f81d6b10-e8dd-48f7-b2c9-1951de3d7868","result":{"properties":["商品2"]}}
DEBUG 2023-07-02 18:24:26,265 connection.py _safely_send    417 SEND > {"id":"15d44403-e02a-43fd-af92-5bb2e8b238ed","method":"Page.getElementByXpath","params":{"selector":"/view/view[2]/view[4]/view[1]/view[2]/view[1]","pageId":1}}
DEBUG 2023-07-02 18:24:26,269 connection.py _on_message     652 RECV < {"id":"15d44403-e02a-43fd-af92-5bb2e8b238ed","result":{"elementId":"3e8eefc2-e581-49a2-941a-da84d0672e62","tagName":"view"}}
DEBUG 2023-07-02 18:24:26,269 connection.py _safely_send    417 SEND > {"id":"29d3482c-fcfa-420a-9cab-a30b404cc3a8","method":"Element.getDOMProperties","params":{"names":["innerText"],"elementId":"3e8eefc2-e581-49a2-941a-da84d0672e62","pageId":1}}
DEBUG 2023-07-02 18:24:26,272 connection.py _on_message     652 RECV < {"id":"29d3482c-fcfa-420a-9cab-a30b404cc3a8","result":{"properties":["商品3"]}}
INFO  2023-07-02 18:24:26,445 minitest.py capture         673 capture assertSetEqual-failed.png
INFO  2023-07-02 18:24:26,445 basenative.py wrapper         25  call IdeNative.screen_shot
DEBUG 2023-07-02 18:24:26,446 connection.py _safely_send    417 SEND > {"id":"e9b0239c-7119-4657-ac84-c337051f8d51","method":"App.captureScreenshot","params":{}}
DEBUG 2023-07-02 18:24:26,555 connection.py _on_message     650 RECV < {"id":"e9b0239c-7119-4657-ac84-c337051f8d51","result":{"data":"iVBORw0KGgoAAAANSUhEUgAAAZAAAAI6CAIAAACGsomOAAAAAXNSR0IArs4c6QAAIABJREFUeJzsvVmQXcdxKJhZ59zbt/duNJYGSIgEwEXWQlL0zDPJkd+zLem9cMS8sEWGNCI5o5kXfjM/8pflP1LySKL+HP56/nGEY2IcIUoWg5DCjhl5RrIsjWgCTwslUxIlcQNAbI21gUbvfU/lfJxaMms5994GSArmTQbR555TlZWZlZmVVZV1DhIRDGEIQxjCzQDq7SZgCEMYwhD6haHDGsIQhnDTwNBhDWEIQ7hpYOiwhjCEIdw0MHRYQxjCEG4aGDqsIQxhCDcNDB3WEIYwhJsGhg5rCEMYwk0DQ4c1hCEM4aaBocMawhCGcNPA0GENYQhDuGlg6LCGMIQh3DQwdFhDGMIQbhoYOqwhDGEINw0MHdYQhjCEmwaGDm...
INFO  2023-07-02 18:24:26,557 basenative.py wrapper         29  call IdeNative.screen_shot end
DEBUG 2023-07-02 18:24:26,558 connection.py _safely_send    417 SEND > {"id":"0d79d60f-4fb0-49a2-b6a8-5c0a8dcccfa0","method":"Page.getElementByXpath","params":{"selector":"/*","pageId":1}}
DEBUG 2023-07-02 18:24:26,561 connection.py _on_message     652 RECV < {"id":"0d79d60f-4fb0-49a2-b6a8-5c0a8dcccfa0","result":{"elementId":"cf6a1b3e-68a4-4a2a-92ae-f2d065b79f91","tagName":"view"}}
DEBUG 2023-07-02 18:24:26,562 connection.py _safely_send    417 SEND > {"id":"7b3dff5a-9709-401c-bce2-bc8e1567325e","method":"Element.getWXML","params":{"type":"outer","elementId":"cf6a1b3e-68a4-4a2a-92ae-f2d065b79f91","pageId":1}}
DEBUG 2023-07-02 18:24:26,568 connection.py _on_message     650 RECV < {"id":"7b3dff5a-9709-401c-bce2-bc8e1567325e","result":{"wxml":"<view class=\"sec-kill\"><view class=\"header\"><view class=\"header-wrapper\" style=\"width: 256px\"><view class=\"single\" data-index=\"0\"><text class=\"text-detail active\">厨房用品</text></view><view class=\"single\" data-index=\"1\"><text class=\"text-detail\">特色活动</text></view></view></view><view class=\"main-container\"><view class=\"top-slider\"><swiper autoplay=\"\" class=\"slider-sec\" duration=\"1000\" indicator-dots=\"\" interval=\"5...
DEBUG 2023-07-02 18:24:26,569 minitest.py _miniTearDown   587 =========Current case Down: test_get_wares_info=========
INFO  2023-07-02 18:24:26,570 minitest.py capture         673 capture teardown.png
INFO  2023-07-02 18:24:26,570 basenative.py wrapper         25  call IdeNative.screen_shot
DEBUG 2023-07-02 18:24:26,571 connection.py _safely_send    417 SEND > {"id":"2bff89d7-521f-4cba-ba47-dea00e509eb0","method":"App.captureScreenshot","params":{}}
DEBUG 2023-07-02 18:24:26,706 connection.py _on_message     650 RECV < {"id":"2bff89d7-521f-4cba-ba47-dea00e509eb0","result":{"data":"iVBORw0KGgoAAAANSUhEUgAAAZAAAAI6CAIAAACGsomOAAAAAXNSR0IArs4c6QAAIABJREFUeJzsvVmQXcdxKJhZ59zbt/duNJYGSIgEwEXWQlL0zDPJkd+zLem9cMS8sEWGNCI5o5kXfjM/8pflP1LySKL+HP56/nGEY2IcIUoWg5DCjhl5RrIsjWgCTwslUxIlcQNAbI21gUbvfU/lfJxaMms5994GSArmTQbR555TlZWZlZmVVZV1DhIRDGEIQxjCzQDq7SZgCEMYwhD6haHDGsIQhnDTwNBhDWEIQ7hpYOiwhjCEIdw0MHRYQxjCEG4aGDqsIQxhCDcNDB3WEIYwhJsGhg5rCEMYwk0DQ4c1hCEM4aaBocMawhCGcNPA0GENYQhDuGlg6LCGMIQh3DQwdFhDGMIQbhoYOqwhDGEINw0MHdYQhjCEmwaGDm...
INFO  2023-07-02 18:24:26,709 basenative.py wrapper         29  call IdeNative.screen_shot end
INFO  2023-07-02 18:24:26,709 basenative.py wrapper         25  call BaseNative.get_start_up
INFO  2023-07-02 18:24:26,710 basenative.py wrapper         29  call BaseNative.get_start_up end
ERROR 2023-07-02 18:24:26,714 assertbase.py _get_stack_info 342 <bound method HomePageTest.test_get_wares_info of <homepage_test.HomePageTest testMethod=test_get_wares_info>>
Traceback (most recent call last):
  File "D:\软件默认安装位置\python38\lib\unittest\case.py", line 1145, in assertSetEqual
    difference1 = set1.difference(set2)
AttributeError: 'list' object has no attribute 'difference'

During handling of the above exception, another exception occurred:

Traceback (most recent call last):
  File "D:\软件默认安装位置\python38\lib\site-packages\minium-1.4.0-py3.8.egg\minium\framework\libs\unittest\case.py", line 41, in testPartExecutor
    yield
  File "D:\软件默认安装位置\python38\lib\site-packages\minium-1.4.0-py3.8.egg\minium\framework\libs\unittest\case.py", line 127, in run
    self._callTestMethod(testMethod)
  File "D:\软件默认安装位置\python38\lib\unittest\case.py", line 633, in _callTestMethod
    method()
  File "C:\Users\yang\Desktop\test\wx_auto\wx_auto_test\homepage_test.py", line 18, in test_get_wares_info
    self.assertSetEqual(back_list, check_wares_info)
  File "D:\软件默认安装位置\python38\lib\site-packages\minium-1.4.0-py3.8.egg\minium\framework\assertbase.py", line 57, in hook_assert
    return src(self, *args, **kwargs)
  File "D:\软件默认安装位置\python38\lib\unittest\case.py", line 1149, in assertSetEqual
    self.fail('first argument does not support set difference: %s' % e)
  File "D:\软件默认安装位置\python38\lib\unittest\case.py", line 753, in fail
    raise self.failureException(msg)
AssertionError: first argument does not support set difference: 'list' object has no attribute 'difference'
